{
  "RSpec": {
    "coverage": {
      "/Users/rikikonikoff/Documents/Launch Academy/Challenges/test-all-the-methods/code.rb": [
        1,
        2,
        1,
        null,
        1,
        null,
        null,
        null,
        1,
        1,
        1,
        2,
        null,
        null,
        1,
        null,
        null,
        1,
        1,
        1,
        2,
        null,
        1,
        null,
        null,
        1,
        4,
        1,
        3,
        1,
        2,
        1,
        null,
        1,
        null,
        null,
        null,
        1,
        5,
        5,
        25,
        11,
        null,
        14,
        null,
        null,
        5,
        null,
        null,
        1,
        3,
        null,
        null,
        1,
        3,
        1,
        null,
        null,
        2,
        2,
        5,
        4,
        null,
        1,
        null
      ]
    },
    "timestamp": 1478818296
  }
}
